{"C:\\Users\\Hidal\\Desktop\\dnaproyect\\levelthree\\server.js":{"path":"C:\\Users\\Hidal\\Desktop\\dnaproyect\\levelthree\\server.js","statementMap":{"0":{"start":{"line":1,"column":15},"end":{"line":1,"column":31}},"1":{"start":{"line":2,"column":17},"end":{"line":2,"column":36}},"2":{"start":{"line":4,"column":0},"end":{"line":4,"column":34}},"3":{"start":{"line":5,"column":0},"end":{"line":14,"column":1}},"4":{"start":{"line":6,"column":4},"end":{"line":11,"column":24}},"5":{"start":{"line":8,"column":8},"end":{"line":8,"column":56}},"6":{"start":{"line":9,"column":8},"end":{"line":9,"column":113}},"7":{"start":{"line":9,"column":48},"end":{"line":9,"column":111}},"8":{"start":{"line":13,"column":4},"end":{"line":13,"column":109}},"9":{"start":{"line":13,"column":44},"end":{"line":13,"column":107}},"10":{"start":{"line":18,"column":0},"end":{"line":18,"column":24}}},"fnMap":{"0":{"name":"(anonymous_0)","decl":{"start":{"line":7,"column":10},"end":{"line":7,"column":11}},"loc":{"start":{"line":7,"column":17},"end":{"line":10,"column":5}},"line":7},"1":{"name":"(anonymous_1)","decl":{"start":{"line":9,"column":42},"end":{"line":9,"column":43}},"loc":{"start":{"line":9,"column":48},"end":{"line":9,"column":111}},"line":9},"2":{"name":"(anonymous_2)","decl":{"start":{"line":13,"column":38},"end":{"line":13,"column":39}},"loc":{"start":{"line":13,"column":44},"end":{"line":13,"column":107}},"line":13}},"branchMap":{"0":{"loc":{"start":{"line":5,"column":0},"end":{"line":14,"column":1}},"type":"if","locations":[{"start":{"line":5,"column":0},"end":{"line":14,"column":1}},{"start":{"line":5,"column":0},"end":{"line":14,"column":1}}],"line":5}},"s":{"0":1,"1":1,"2":1,"3":1,"4":1,"5":1,"6":1,"7":1,"8":0,"9":0,"10":1},"f":{"0":1,"1":1,"2":0},"b":{"0":[1,0]},"_coverageSchema":"43e27e138ebf9cfc5966b082cf9a028302ed4184","hash":"cccbb3b193d03bb831e63a13e5ae1c8d817f4c54","contentHash":"e28858b686907585925413f46255358fcf10fece4c0795e0de86c7f8c48df0da"},"C:\\Users\\Hidal\\Desktop\\dnaproyect\\levelthree\\app.js":{"path":"C:\\Users\\Hidal\\Desktop\\dnaproyect\\levelthree\\app.js","statementMap":{"0":{"start":{"line":3,"column":16},"end":{"line":3,"column":34}},"1":{"start":{"line":4,"column":15},"end":{"line":4,"column":32}},"2":{"start":{"line":7,"column":18},"end":{"line":7,"column":47}},"3":{"start":{"line":8,"column":20},"end":{"line":8,"column":51}},"4":{"start":{"line":10,"column":10},"end":{"line":10,"column":19}},"5":{"start":{"line":12,"column":0},"end":{"line":12,"column":42}},"6":{"start":{"line":14,"column":0},"end":{"line":30,"column":20}},"7":{"start":{"line":21,"column":2},"end":{"line":21,"column":49}},"8":{"start":{"line":22,"column":2},"end":{"line":22,"column":158}},"9":{"start":{"line":23,"column":2},"end":{"line":23,"column":80}},"10":{"start":{"line":24,"column":2},"end":{"line":24,"column":57}},"11":{"start":{"line":26,"column":2},"end":{"line":26,"column":9}},"12":{"start":{"line":32,"column":0},"end":{"line":32,"column":21}}},"fnMap":{"0":{"name":"(anonymous_0)","decl":{"start":{"line":20,"column":6},"end":{"line":20,"column":7}},"loc":{"start":{"line":20,"column":26},"end":{"line":27,"column":2}},"line":20}},"branchMap":{"0":{"loc":{"start":{"line":12,"column":16},"end":{"line":12,"column":40}},"type":"binary-expr","locations":[{"start":{"line":12,"column":16},"end":{"line":12,"column":32}},{"start":{"line":12,"column":36},"end":{"line":12,"column":40}}],"line":12}},"s":{"0":1,"1":1,"2":1,"3":1,"4":1,"5":1,"6":1,"7":6,"8":6,"9":6,"10":6,"11":6,"12":1},"f":{"0":6},"b":{"0":[1,1]},"_coverageSchema":"43e27e138ebf9cfc5966b082cf9a028302ed4184","hash":"d388c57d8b301e0276e3dcb17b6bcbb52612142a","contentHash":"9c088fd754d655d36015ccb2ce074eb8b02226ef619042f9ab46afb98c581308"},"C:\\Users\\Hidal\\Desktop\\dnaproyect\\levelthree\\routes\\danrouter.js":{"path":"C:\\Users\\Hidal\\Desktop\\dnaproyect\\levelthree\\routes\\danrouter.js","statementMap":{"0":{"start":{"line":3,"column":16},"end":{"line":3,"column":34}},"1":{"start":{"line":4,"column":15},"end":{"line":4,"column":31}},"2":{"start":{"line":6,"column":27},"end":{"line":6,"column":71}},"3":{"start":{"line":7,"column":19},"end":{"line":7,"column":55}},"4":{"start":{"line":10,"column":0},"end":{"line":14,"column":2}},"5":{"start":{"line":16,"column":0},"end":{"line":16,"column":24}}},"fnMap":{},"branchMap":{},"s":{"0":1,"1":1,"2":1,"3":1,"4":1,"5":1},"f":{},"b":{},"_coverageSchema":"43e27e138ebf9cfc5966b082cf9a028302ed4184","hash":"52c6bf236d04e15b07be3761db066899ac78ea79","contentHash":"c4054d7b8938728de84d31f32fb52058989a420c2f74f617768c6f07ceae693d"},"C:\\Users\\Hidal\\Desktop\\dnaproyect\\levelthree\\controllers\\MutationController.js":{"path":"C:\\Users\\Hidal\\Desktop\\dnaproyect\\levelthree\\controllers\\MutationController.js","statementMap":{"0":{"start":{"line":2,"column":17},"end":{"line":2,"column":46}},"1":{"start":{"line":5,"column":16},"end":{"line":5,"column":41}},"2":{"start":{"line":6,"column":4},"end":{"line":21,"column":6}},"3":{"start":{"line":8,"column":8},"end":{"line":11,"column":9}},"4":{"start":{"line":9,"column":12},"end":{"line":9,"column":57}},"5":{"start":{"line":10,"column":12},"end":{"line":10,"column":26}},"6":{"start":{"line":13,"column":8},"end":{"line":13,"column":34}},"7":{"start":{"line":14,"column":8},"end":{"line":18,"column":10}},"8":{"start":{"line":15,"column":25},"end":{"line":15,"column":28}},"9":{"start":{"line":16,"column":12},"end":{"line":16,"column":45}},"10":{"start":{"line":16,"column":32},"end":{"line":16,"column":45}},"11":{"start":{"line":17,"column":12},"end":{"line":17,"column":72}},"12":{"start":{"line":20,"column":8},"end":{"line":20,"column":76}},"13":{"start":{"line":28,"column":4},"end":{"line":37,"column":5}},"14":{"start":{"line":29,"column":8},"end":{"line":29,"column":24}},"15":{"start":{"line":30,"column":8},"end":{"line":30,"column":21}},"16":{"start":{"line":34,"column":8},"end":{"line":34,"column":25}},"17":{"start":{"line":35,"column":8},"end":{"line":35,"column":21}},"18":{"start":{"line":39,"column":4},"end":{"line":39,"column":37}},"19":{"start":{"line":40,"column":4},"end":{"line":43,"column":7}},"20":{"start":{"line":41,"column":8},"end":{"line":41,"column":29}},"21":{"start":{"line":42,"column":8},"end":{"line":42,"column":50}},"22":{"start":{"line":48,"column":14},"end":{"line":48,"column":16}},"23":{"start":{"line":49,"column":4},"end":{"line":56,"column":7}},"24":{"start":{"line":50,"column":8},"end":{"line":55,"column":9}},"25":{"start":{"line":51,"column":12},"end":{"line":51,"column":22}},"26":{"start":{"line":54,"column":12},"end":{"line":54,"column":29}},"27":{"start":{"line":57,"column":4},"end":{"line":57,"column":15}},"28":{"start":{"line":62,"column":19},"end":{"line":62,"column":43}},"29":{"start":{"line":64,"column":30},"end":{"line":64,"column":51}},"30":{"start":{"line":65,"column":20},"end":{"line":65,"column":22}},"31":{"start":{"line":68,"column":23},"end":{"line":70,"column":5}},"32":{"start":{"line":69,"column":15},"end":{"line":69,"column":42}},"33":{"start":{"line":73,"column":21},"end":{"line":75,"column":5}},"34":{"start":{"line":74,"column":15},"end":{"line":74,"column":42}},"35":{"start":{"line":78,"column":20},"end":{"line":80,"column":5}},"36":{"start":{"line":79,"column":15},"end":{"line":79,"column":42}},"37":{"start":{"line":83,"column":27},"end":{"line":85,"column":5}},"38":{"start":{"line":84,"column":15},"end":{"line":84,"column":42}},"39":{"start":{"line":89,"column":4},"end":{"line":91,"column":5}},"40":{"start":{"line":90,"column":8},"end":{"line":90,"column":49}},"41":{"start":{"line":92,"column":4},"end":{"line":94,"column":5}},"42":{"start":{"line":93,"column":8},"end":{"line":93,"column":46}},"43":{"start":{"line":95,"column":4},"end":{"line":97,"column":5}},"44":{"start":{"line":96,"column":8},"end":{"line":96,"column":46}},"45":{"start":{"line":98,"column":4},"end":{"line":100,"column":5}},"46":{"start":{"line":99,"column":8},"end":{"line":99,"column":53}},"47":{"start":{"line":103,"column":4},"end":{"line":103,"column":41}},"48":{"start":{"line":103,"column":29},"end":{"line":103,"column":41}},"49":{"start":{"line":104,"column":4},"end":{"line":104,"column":17}},"50":{"start":{"line":109,"column":19},"end":{"line":109,"column":21}},"51":{"start":{"line":109,"column":33},"end":{"line":109,"column":35}},"52":{"start":{"line":109,"column":54},"end":{"line":109,"column":56}},"53":{"start":{"line":112,"column":4},"end":{"line":147,"column":7}},"54":{"start":{"line":115,"column":8},"end":{"line":134,"column":11}},"55":{"start":{"line":117,"column":12},"end":{"line":123,"column":13}},"56":{"start":{"line":119,"column":16},"end":{"line":119,"column":59}},"57":{"start":{"line":122,"column":16},"end":{"line":122,"column":41}},"58":{"start":{"line":126,"column":12},"end":{"line":132,"column":13}},"59":{"start":{"line":128,"column":16},"end":{"line":128,"column":69}},"60":{"start":{"line":131,"column":16},"end":{"line":131,"column":46}},"61":{"start":{"line":137,"column":8},"end":{"line":145,"column":11}},"62":{"start":{"line":138,"column":12},"end":{"line":144,"column":13}},"63":{"start":{"line":140,"column":16},"end":{"line":140,"column":83}},"64":{"start":{"line":143,"column":16},"end":{"line":143,"column":53}},"65":{"start":{"line":149,"column":4},"end":{"line":154,"column":5}},"66":{"start":{"line":157,"column":0},"end":{"line":157,"column":64}}},"fnMap":{"0":{"name":"find","decl":{"start":{"line":4,"column":9},"end":{"line":4,"column":13}},"loc":{"start":{"line":4,"column":30},"end":{"line":22,"column":1}},"line":4},"1":{"name":"(anonymous_1)","decl":{"start":{"line":7,"column":10},"end":{"line":7,"column":11}},"loc":{"start":{"line":7,"column":17},"end":{"line":19,"column":5}},"line":7},"2":{"name":"(anonymous_2)","decl":{"start":{"line":14,"column":24},"end":{"line":14,"column":25}},"loc":{"start":{"line":14,"column":34},"end":{"line":18,"column":9}},"line":14},"3":{"name":"(anonymous_3)","decl":{"start":{"line":19,"column":13},"end":{"line":19,"column":14}},"loc":{"start":{"line":19,"column":20},"end":{"line":21,"column":5}},"line":19},"4":{"name":"mutation","decl":{"start":{"line":25,"column":9},"end":{"line":25,"column":17}},"loc":{"start":{"line":25,"column":28},"end":{"line":45,"column":1}},"line":25},"5":{"name":"(anonymous_5)","decl":{"start":{"line":40,"column":29},"end":{"line":40,"column":30}},"loc":{"start":{"line":40,"column":36},"end":{"line":43,"column":5}},"line":40},"6":{"name":"DNAConvertString","decl":{"start":{"line":47,"column":9},"end":{"line":47,"column":25}},"loc":{"start":{"line":47,"column":31},"end":{"line":58,"column":1}},"line":47},"7":{"name":"(anonymous_7)","decl":{"start":{"line":49,"column":16},"end":{"line":49,"column":17}},"loc":{"start":{"line":49,"column":23},"end":{"line":56,"column":5}},"line":49},"8":{"name":"hasMutation","decl":{"start":{"line":60,"column":9},"end":{"line":60,"column":20}},"loc":{"start":{"line":60,"column":26},"end":{"line":105,"column":1}},"line":60},"9":{"name":"(anonymous_9)","decl":{"start":{"line":69,"column":8},"end":{"line":69,"column":9}},"loc":{"start":{"line":69,"column":15},"end":{"line":69,"column":42}},"line":69},"10":{"name":"(anonymous_10)","decl":{"start":{"line":74,"column":8},"end":{"line":74,"column":9}},"loc":{"start":{"line":74,"column":15},"end":{"line":74,"column":42}},"line":74},"11":{"name":"(anonymous_11)","decl":{"start":{"line":79,"column":8},"end":{"line":79,"column":9}},"loc":{"start":{"line":79,"column":15},"end":{"line":79,"column":42}},"line":79},"12":{"name":"(anonymous_12)","decl":{"start":{"line":84,"column":8},"end":{"line":84,"column":9}},"loc":{"start":{"line":84,"column":15},"end":{"line":84,"column":42}},"line":84},"13":{"name":"prepareForTheSearch","decl":{"start":{"line":108,"column":9},"end":{"line":108,"column":28}},"loc":{"start":{"line":108,"column":34},"end":{"line":155,"column":1}},"line":108},"14":{"name":"(anonymous_14)","decl":{"start":{"line":112,"column":12},"end":{"line":112,"column":13}},"loc":{"start":{"line":112,"column":26},"end":{"line":147,"column":5}},"line":112},"15":{"name":"(anonymous_15)","decl":{"start":{"line":115,"column":26},"end":{"line":115,"column":27}},"loc":{"start":{"line":115,"column":45},"end":{"line":134,"column":9}},"line":115},"16":{"name":"(anonymous_16)","decl":{"start":{"line":137,"column":36},"end":{"line":137,"column":37}},"loc":{"start":{"line":137,"column":55},"end":{"line":145,"column":9}},"line":137}},"branchMap":{"0":{"loc":{"start":{"line":8,"column":8},"end":{"line":11,"column":9}},"type":"if","locations":[{"start":{"line":8,"column":8},"end":{"line":11,"column":9}},{"start":{"line":8,"column":8},"end":{"line":11,"column":9}}],"line":8},"1":{"loc":{"start":{"line":16,"column":12},"end":{"line":16,"column":45}},"type":"if","locations":[{"start":{"line":16,"column":12},"end":{"line":16,"column":45}},{"start":{"line":16,"column":12},"end":{"line":16,"column":45}}],"line":16},"2":{"loc":{"start":{"line":28,"column":4},"end":{"line":37,"column":5}},"type":"if","locations":[{"start":{"line":28,"column":4},"end":{"line":37,"column":5}},{"start":{"line":28,"column":4},"end":{"line":37,"column":5}}],"line":28},"3":{"loc":{"start":{"line":50,"column":8},"end":{"line":55,"column":9}},"type":"if","locations":[{"start":{"line":50,"column":8},"end":{"line":55,"column":9}},{"start":{"line":50,"column":8},"end":{"line":55,"column":9}}],"line":50},"4":{"loc":{"start":{"line":89,"column":4},"end":{"line":91,"column":5}},"type":"if","locations":[{"start":{"line":89,"column":4},"end":{"line":91,"column":5}},{"start":{"line":89,"column":4},"end":{"line":91,"column":5}}],"line":89},"5":{"loc":{"start":{"line":92,"column":4},"end":{"line":94,"column":5}},"type":"if","locations":[{"start":{"line":92,"column":4},"end":{"line":94,"column":5}},{"start":{"line":92,"column":4},"end":{"line":94,"column":5}}],"line":92},"6":{"loc":{"start":{"line":95,"column":4},"end":{"line":97,"column":5}},"type":"if","locations":[{"start":{"line":95,"column":4},"end":{"line":97,"column":5}},{"start":{"line":95,"column":4},"end":{"line":97,"column":5}}],"line":95},"7":{"loc":{"start":{"line":98,"column":4},"end":{"line":100,"column":5}},"type":"if","locations":[{"start":{"line":98,"column":4},"end":{"line":100,"column":5}},{"start":{"line":98,"column":4},"end":{"line":100,"column":5}}],"line":98},"8":{"loc":{"start":{"line":103,"column":4},"end":{"line":103,"column":41}},"type":"if","locations":[{"start":{"line":103,"column":4},"end":{"line":103,"column":41}},{"start":{"line":103,"column":4},"end":{"line":103,"column":41}}],"line":103},"9":{"loc":{"start":{"line":117,"column":12},"end":{"line":123,"column":13}},"type":"if","locations":[{"start":{"line":117,"column":12},"end":{"line":123,"column":13}},{"start":{"line":117,"column":12},"end":{"line":123,"column":13}}],"line":117},"10":{"loc":{"start":{"line":126,"column":12},"end":{"line":132,"column":13}},"type":"if","locations":[{"start":{"line":126,"column":12},"end":{"line":132,"column":13}},{"start":{"line":126,"column":12},"end":{"line":132,"column":13}}],"line":126},"11":{"loc":{"start":{"line":138,"column":12},"end":{"line":144,"column":13}},"type":"if","locations":[{"start":{"line":138,"column":12},"end":{"line":144,"column":13}},{"start":{"line":138,"column":12},"end":{"line":144,"column":13}}],"line":138}},"s":{"0":1,"1":4,"2":4,"3":4,"4":2,"5":2,"6":2,"7":2,"8":2,"9":2,"10":1,"11":2,"12":0,"13":2,"14":1,"15":1,"16":1,"17":1,"18":2,"19":2,"20":2,"21":2,"22":5,"23":5,"24":30,"25":5,"26":25,"27":5,"28":3,"29":3,"30":3,"31":3,"32":18,"33":3,"34":18,"35":3,"36":33,"37":3,"38":33,"39":3,"40":1,"41":3,"42":1,"43":3,"44":0,"45":3,"46":1,"47":3,"48":1,"49":2,"50":3,"51":3,"52":3,"53":3,"54":18,"55":108,"56":90,"57":18,"58":108,"59":75,"60":33,"61":18,"62":108,"63":75,"64":33,"65":3,"66":1},"f":{"0":4,"1":4,"2":2,"3":0,"4":2,"5":2,"6":5,"7":30,"8":3,"9":18,"10":18,"11":33,"12":33,"13":3,"14":18,"15":108,"16":108},"b":{"0":[2,2],"1":[1,1],"2":[1,1],"3":[5,25],"4":[1,2],"5":[1,2],"6":[0,3],"7":[1,2],"8":[1,2],"9":[90,18],"10":[75,33],"11":[75,33]},"_coverageSchema":"43e27e138ebf9cfc5966b082cf9a028302ed4184","hash":"8c60b9a5c97754ff6336274d905fcdaf29d31339","contentHash":"bfb1b93ac4b222c481c268004978e4b5eae14a393a521dd35c4a7e196ba8d3eb"},"C:\\Users\\Hidal\\Desktop\\dnaproyect\\levelthree\\models\\Mutation.js":{"path":"C:\\Users\\Hidal\\Desktop\\dnaproyect\\levelthree\\models\\Mutation.js","statementMap":{"0":{"start":{"line":1,"column":17},"end":{"line":1,"column":36}},"1":{"start":{"line":3,"column":21},"end":{"line":7,"column":2}},"2":{"start":{"line":9,"column":17},"end":{"line":9,"column":59}},"3":{"start":{"line":11,"column":0},"end":{"line":11,"column":26}}},"fnMap":{},"branchMap":{},"s":{"0":1,"1":1,"2":1,"3":1},"f":{},"b":{},"_coverageSchema":"43e27e138ebf9cfc5966b082cf9a028302ed4184","hash":"a479111486fc636490692b6f9f144f530536e5b1","contentHash":"90251b00eb6b6502ce3181d7844b4562bd39a2282f25e7c9ecb47e8825641146"},"C:\\Users\\Hidal\\Desktop\\dnaproyect\\levelthree\\middlewares\\isDNAValid.js":{"path":"C:\\Users\\Hidal\\Desktop\\dnaproyect\\levelthree\\middlewares\\isDNAValid.js","statementMap":{"0":{"start":{"line":4,"column":27},"end":{"line":4,"column":36}},"1":{"start":{"line":5,"column":16},"end":{"line":5,"column":28}},"2":{"start":{"line":6,"column":18},"end":{"line":6,"column":22}},"3":{"start":{"line":7,"column":4},"end":{"line":17,"column":7}},"4":{"start":{"line":10,"column":8},"end":{"line":16,"column":9}},"5":{"start":{"line":12,"column":12},"end":{"line":12,"column":28}},"6":{"start":{"line":19,"column":4},"end":{"line":19,"column":79}},"7":{"start":{"line":19,"column":17},"end":{"line":19,"column":79}},"8":{"start":{"line":21,"column":4},"end":{"line":21,"column":18}},"9":{"start":{"line":22,"column":4},"end":{"line":22,"column":11}},"10":{"start":{"line":26,"column":0},"end":{"line":26,"column":28}}},"fnMap":{"0":{"name":"isDNAValid","decl":{"start":{"line":3,"column":9},"end":{"line":3,"column":19}},"loc":{"start":{"line":3,"column":36},"end":{"line":23,"column":1}},"line":3},"1":{"name":"(anonymous_1)","decl":{"start":{"line":7,"column":16},"end":{"line":7,"column":17}},"loc":{"start":{"line":7,"column":23},"end":{"line":17,"column":5}},"line":7}},"branchMap":{"0":{"loc":{"start":{"line":10,"column":8},"end":{"line":16,"column":9}},"type":"if","locations":[{"start":{"line":10,"column":8},"end":{"line":16,"column":9}},{"start":{"line":10,"column":8},"end":{"line":16,"column":9}}],"line":10},"1":{"loc":{"start":{"line":19,"column":4},"end":{"line":19,"column":79}},"type":"if","locations":[{"start":{"line":19,"column":4},"end":{"line":19,"column":79}},{"start":{"line":19,"column":4},"end":{"line":19,"column":79}}],"line":19}},"s":{"0":5,"1":5,"2":5,"3":5,"4":30,"5":3,"6":5,"7":1,"8":4,"9":4,"10":1},"f":{"0":5,"1":30},"b":{"0":[3,27],"1":[1,4]},"_coverageSchema":"43e27e138ebf9cfc5966b082cf9a028302ed4184","hash":"a8d2d372df1232f32c64d94f134353fdf821570b","contentHash":"51b94fe57a61f0f7041ad539f00c93bd181a52148dd122eb09997a12a21eddda"},"C:\\Users\\Hidal\\Desktop\\dnaproyect\\levelthree\\routes\\statsrouter.js":{"path":"C:\\Users\\Hidal\\Desktop\\dnaproyect\\levelthree\\routes\\statsrouter.js","statementMap":{"0":{"start":{"line":1,"column":16},"end":{"line":1,"column":34}},"1":{"start":{"line":3,"column":24},"end":{"line":3,"column":65}},"2":{"start":{"line":4,"column":15},"end":{"line":4,"column":31}},"3":{"start":{"line":6,"column":0},"end":{"line":6,"column":43}},"4":{"start":{"line":8,"column":0},"end":{"line":8,"column":24}}},"fnMap":{},"branchMap":{},"s":{"0":1,"1":1,"2":1,"3":1,"4":1},"f":{},"b":{},"_coverageSchema":"43e27e138ebf9cfc5966b082cf9a028302ed4184","hash":"19cb8abf25b1624a13a18ce72c7dd48713ec7e08","contentHash":"c63e17e2962b3aa9bc1cadcded3e086a74c9ad0e8a9fcfa527fd9c67dec13296"},"C:\\Users\\Hidal\\Desktop\\dnaproyect\\levelthree\\controllers\\StatsController.js":{"path":"C:\\Users\\Hidal\\Desktop\\dnaproyect\\levelthree\\controllers\\StatsController.js","statementMap":{"0":{"start":{"line":3,"column":17},"end":{"line":3,"column":46}},"1":{"start":{"line":6,"column":4},"end":{"line":19,"column":5}},"2":{"start":{"line":7,"column":30},"end":{"line":7,"column":67}},"3":{"start":{"line":8,"column":8},"end":{"line":8,"column":84}},"4":{"start":{"line":8,"column":51},"end":{"line":8,"column":58}},"5":{"start":{"line":8,"column":77},"end":{"line":8,"column":82}},"6":{"start":{"line":10,"column":33},"end":{"line":10,"column":71}},"7":{"start":{"line":11,"column":8},"end":{"line":11,"column":90}},"8":{"start":{"line":11,"column":57},"end":{"line":11,"column":64}},"9":{"start":{"line":11,"column":83},"end":{"line":11,"column":88}},"10":{"start":{"line":13,"column":8},"end":{"line":16,"column":55}},"11":{"start":{"line":18,"column":8},"end":{"line":18,"column":76}},"12":{"start":{"line":22,"column":0},"end":{"line":22,"column":23}}},"fnMap":{"0":{"name":"show","decl":{"start":{"line":5,"column":15},"end":{"line":5,"column":19}},"loc":{"start":{"line":5,"column":30},"end":{"line":20,"column":1}},"line":5},"1":{"name":"(anonymous_1)","decl":{"start":{"line":8,"column":46},"end":{"line":8,"column":47}},"loc":{"start":{"line":8,"column":51},"end":{"line":8,"column":58}},"line":8},"2":{"name":"(anonymous_2)","decl":{"start":{"line":8,"column":67},"end":{"line":8,"column":68}},"loc":{"start":{"line":8,"column":77},"end":{"line":8,"column":82}},"line":8},"3":{"name":"(anonymous_3)","decl":{"start":{"line":11,"column":52},"end":{"line":11,"column":53}},"loc":{"start":{"line":11,"column":57},"end":{"line":11,"column":64}},"line":11},"4":{"name":"(anonymous_4)","decl":{"start":{"line":11,"column":73},"end":{"line":11,"column":74}},"loc":{"start":{"line":11,"column":83},"end":{"line":11,"column":88}},"line":11}},"branchMap":{},"s":{"0":1,"1":1,"2":1,"3":1,"4":2,"5":1,"6":1,"7":1,"8":1,"9":0,"10":1,"11":0,"12":1},"f":{"0":1,"1":2,"2":1,"3":1,"4":0},"b":{},"_coverageSchema":"43e27e138ebf9cfc5966b082cf9a028302ed4184","hash":"ab0d56b50159c66fd9824e16a7bd8be265ddb0ca","contentHash":"61c64a3ddec317764cb82b65d28adc3d23fac6d1c9f2a22dbadda30c7712edce"}}