TN:
SF:C:\Users\Hidal\Desktop\dnaproyect\levelthree\app.js
FN:20,(anonymous_0)
FNF:1
FNH:1
FNDA:6,(anonymous_0)
DA:3,1
DA:4,1
DA:7,1
DA:8,1
DA:10,1
DA:12,1
DA:14,1
DA:21,6
DA:22,6
DA:23,6
DA:24,6
DA:26,6
DA:32,1
LF:13
LH:13
BRDA:12,0,0,1
BRDA:12,0,1,1
BRF:2
BRH:2
end_of_record
TN:
SF:C:\Users\Hidal\Desktop\dnaproyect\levelthree\server.js
FN:7,(anonymous_0)
FN:9,(anonymous_1)
FN:13,(anonymous_2)
FNF:3
FNH:2
FNDA:1,(anonymous_0)
FNDA:1,(anonymous_1)
FNDA:0,(anonymous_2)
DA:1,1
DA:2,1
DA:4,1
DA:5,1
DA:6,1
DA:8,1
DA:9,1
DA:13,0
DA:18,1
LF:9
LH:8
BRDA:5,0,0,1
BRDA:5,0,1,0
BRF:2
BRH:1
end_of_record
TN:
SF:C:\Users\Hidal\Desktop\dnaproyect\levelthree\controllers\MutationController.js
FN:4,find
FN:7,(anonymous_1)
FN:14,(anonymous_2)
FN:19,(anonymous_3)
FN:25,mutation
FN:40,(anonymous_5)
FN:47,DNAConvertString
FN:49,(anonymous_7)
FN:60,hasMutation
FN:69,(anonymous_9)
FN:74,(anonymous_10)
FN:79,(anonymous_11)
FN:84,(anonymous_12)
FN:108,prepareForTheSearch
FN:112,(anonymous_14)
FN:115,(anonymous_15)
FN:137,(anonymous_16)
FNF:17
FNH:16
FNDA:4,find
FNDA:4,(anonymous_1)
FNDA:2,(anonymous_2)
FNDA:0,(anonymous_3)
FNDA:2,mutation
FNDA:2,(anonymous_5)
FNDA:5,DNAConvertString
FNDA:30,(anonymous_7)
FNDA:3,hasMutation
FNDA:18,(anonymous_9)
FNDA:18,(anonymous_10)
FNDA:33,(anonymous_11)
FNDA:33,(anonymous_12)
FNDA:3,prepareForTheSearch
FNDA:18,(anonymous_14)
FNDA:108,(anonymous_15)
FNDA:108,(anonymous_16)
DA:2,1
DA:5,4
DA:6,4
DA:8,4
DA:9,2
DA:10,2
DA:13,2
DA:14,2
DA:15,2
DA:16,2
DA:17,2
DA:20,0
DA:28,2
DA:29,1
DA:30,1
DA:34,1
DA:35,1
DA:39,2
DA:40,2
DA:41,2
DA:42,2
DA:48,5
DA:49,5
DA:50,30
DA:51,5
DA:54,25
DA:57,5
DA:62,3
DA:64,3
DA:65,3
DA:68,3
DA:69,18
DA:73,3
DA:74,18
DA:78,3
DA:79,33
DA:83,3
DA:84,33
DA:89,3
DA:90,1
DA:92,3
DA:93,1
DA:95,3
DA:96,0
DA:98,3
DA:99,1
DA:103,3
DA:104,2
DA:109,3
DA:112,3
DA:115,18
DA:117,108
DA:119,90
DA:122,18
DA:126,108
DA:128,75
DA:131,33
DA:137,18
DA:138,108
DA:140,75
DA:143,33
DA:149,3
DA:157,1
LF:63
LH:61
BRDA:8,0,0,2
BRDA:8,0,1,2
BRDA:16,1,0,1
BRDA:16,1,1,1
BRDA:28,2,0,1
BRDA:28,2,1,1
BRDA:50,3,0,5
BRDA:50,3,1,25
BRDA:89,4,0,1
BRDA:89,4,1,2
BRDA:92,5,0,1
BRDA:92,5,1,2
BRDA:95,6,0,0
BRDA:95,6,1,3
BRDA:98,7,0,1
BRDA:98,7,1,2
BRDA:103,8,0,1
BRDA:103,8,1,2
BRDA:117,9,0,90
BRDA:117,9,1,18
BRDA:126,10,0,75
BRDA:126,10,1,33
BRDA:138,11,0,75
BRDA:138,11,1,33
BRF:24
BRH:23
end_of_record
TN:
SF:C:\Users\Hidal\Desktop\dnaproyect\levelthree\controllers\StatsController.js
FN:5,show
FN:8,(anonymous_1)
FN:8,(anonymous_2)
FN:11,(anonymous_3)
FN:11,(anonymous_4)
FNF:5
FNH:4
FNDA:1,show
FNDA:2,(anonymous_1)
FNDA:1,(anonymous_2)
FNDA:1,(anonymous_3)
FNDA:0,(anonymous_4)
DA:3,1
DA:6,1
DA:7,1
DA:8,2
DA:10,1
DA:11,1
DA:13,1
DA:18,0
DA:22,1
LF:9
LH:8
BRF:0
BRH:0
end_of_record
TN:
SF:C:\Users\Hidal\Desktop\dnaproyect\levelthree\middlewares\isDNAValid.js
FN:3,isDNAValid
FN:7,(anonymous_1)
FNF:2
FNH:2
FNDA:5,isDNAValid
FNDA:30,(anonymous_1)
DA:4,5
DA:5,5
DA:6,5
DA:7,5
DA:10,30
DA:12,3
DA:19,5
DA:21,4
DA:22,4
DA:26,1
LF:10
LH:10
BRDA:10,0,0,3
BRDA:10,0,1,27
BRDA:19,1,0,1
BRDA:19,1,1,4
BRF:4
BRH:4
end_of_record
TN:
SF:C:\Users\Hidal\Desktop\dnaproyect\levelthree\models\Mutation.js
FNF:0
FNH:0
DA:1,1
DA:3,1
DA:9,1
DA:11,1
LF:4
LH:4
BRF:0
BRH:0
end_of_record
TN:
SF:C:\Users\Hidal\Desktop\dnaproyect\levelthree\routes\danrouter.js
FNF:0
FNH:0
DA:3,1
DA:4,1
DA:6,1
DA:7,1
DA:10,1
DA:16,1
LF:6
LH:6
BRF:0
BRH:0
end_of_record
TN:
SF:C:\Users\Hidal\Desktop\dnaproyect\levelthree\routes\statsrouter.js
FNF:0
FNH:0
DA:1,1
DA:3,1
DA:4,1
DA:6,1
DA:8,1
LF:5
LH:5
BRF:0
BRH:0
end_of_record
